<?xml version="1.0" encoding="UTF-8"?>
<!-- Generated by org.testng.reporters.JUnitReportReporter -->
<testsuite hostname="DESKTOP-S6MV8ON" failures="0" tests="1" name="test.com.Microsoft_email_receive_message" time="57.955" errors="0" timestamp="2024-05-16T09:03:27 BDT" skipped="0">
  <testcase classname="test.com.Microsoft_email_receive_message" name="mail_signin" time="57.955"/>
  <system-out/>
</testsuite> <!-- test.com.Microsoft_email_receive_message -->
